<?xml version="1.0" encoding="UTF-8"?>
<!-- Generated by org.testng.reporters.JUnitReportReporter -->
<testsuite hostname="DESKTOP-3TVFKPJ" failures="0" tests="1" name="CucumberOptions.TestNGtestRunner" time="18.404" errors="0" timestamp="2023-01-21T13:07:44 IST" skipped="0">
  <testcase classname="CucumberOptions.TestNGtestRunner" name="runScenario" time="18.404"/>
  <system-out/>
</testsuite> <!-- CucumberOptions.TestNGtestRunner -->
